<?xml version="1.0" encoding="UTF-8"?>
<!-- Generated by org.testng.reporters.JUnitReportReporter -->
<testsuite skipped="0" hostname="PUN-NB-LE2J1Q1" name="test2" tests="1" failures="0" timestamp="2021-12-17T17:20:32 IST" time="6.459" errors="0">
  <testcase name="test2" time="6.459" classname="test2"/>
  <system-out/>
</testsuite> <!-- test2 -->
