<?xml version="1.0" encoding="UTF-8"?>
<!-- Generated by org.testng.reporters.JUnitReportReporter -->
<testsuite skipped="0" hostname="PUN-NB-LE2J1Q1" name="testscripts.testjava3" tests="1" failures="0" timestamp="2021-12-21T11:57:10 IST" time="25.370" errors="0">
  <testcase name="testexecute3" time="25.370" classname="testscripts.testjava3"/>
  <system-out/>
</testsuite> <!-- testscripts.testjava3 -->
