<?xml version="1.0" encoding="UTF-8"?>
<!-- Generated by org.testng.reporters.JUnitReportReporter -->
<testsuite skipped="0" hostname="PUN-NB-LE2J1Q1" name="test1" tests="1" failures="0" timestamp="2021-12-17T17:16:50 IST" time="6.841" errors="0">
  <testcase name="test1" time="6.841" classname="test1"/>
  <system-out/>
</testsuite> <!-- test1 -->
