<?xml version="1.0" encoding="UTF-8"?>
<!-- Generated by org.testng.reporters.JUnitReportReporter -->
<testsuite skipped="0" hostname="PUN-NB-LE2J1Q1" name="testscripts.testjava2" tests="1" failures="0" timestamp="2021-12-21T11:57:10 IST" time="25.382" errors="0">
  <testcase name="testexecute2" time="25.382" classname="testscripts.testjava2"/>
  <system-out/>
</testsuite> <!-- testscripts.testjava2 -->
